<?xml version="1.0" encoding="UTF-8"?>
<!-- Generated by org.testng.reporters.JUnitXMLReporter -->
<testsuite ignored="0" hostname="DESKTOP-1EKAV2N" failures="2" tests="9" name="Testing Retry Test" time="0.184" errors="0" timestamp="2021-05-25T16:55:24 IST">
  <testcase classname="com.selenium.trainingday10.RuntimeRetryConcept" name="test1" time="0.016">
    <skipped/>
  </testcase> <!-- test1 -->
  <testcase classname="com.selenium.trainingday10.RuntimeRetryConcept" name="test1" time="0.003">
    <skipped/>
  </testcase> <!-- test1 -->
  <testcase classname="com.selenium.trainingday10.RuntimeRetryConcept" name="test1" time="0.009">
    <skipped/>
  </testcase> <!-- test1 -->
  <testcase classname="com.selenium.trainingday10.RuntimeRetryConcept" name="test1" time="0.003">
    <failure type="java.lang.ArithmeticException" message="/ by zero">
      <![CDATA[java.lang.ArithmeticException: / by zero
at com.selenium.trainingday10.RuntimeRetryConcept.test1(RuntimeRetryConcept.java:12)
at java.base/java.util.ArrayList.forEach(ArrayList.java:1511)
... Removed 27 stack frames]]>
    </failure>
  </testcase> <!-- test1 -->
  <testcase classname="com.selenium.trainingday10.RuntimeRetryConcept" name="test2" time="0.003">
    <skipped/>
  </testcase> <!-- test2 -->
  <testcase classname="com.selenium.trainingday10.RuntimeRetryConcept" name="test2" time="0.002">
    <skipped/>
  </testcase> <!-- test2 -->
  <testcase classname="com.selenium.trainingday10.RuntimeRetryConcept" name="test2" time="0.004">
    <skipped/>
  </testcase> <!-- test2 -->
  <testcase classname="com.selenium.trainingday10.RuntimeRetryConcept" name="test2" time="0.006">
    <failure type="java.lang.ArithmeticException" message="/ by zero">
      <![CDATA[java.lang.ArithmeticException: / by zero
at com.selenium.trainingday10.RuntimeRetryConcept.test2(RuntimeRetryConcept.java:21)
at java.base/java.util.ArrayList.forEach(ArrayList.java:1511)
... Removed 27 stack frames]]>
    </failure>
  </testcase> <!-- test2 -->
  <testcase classname="com.selenium.trainingday10.RuntimeRetryConcept" name="test3" time="0.003"/>
</testsuite> <!-- Testing Retry Test -->
