<?xml version="1.0" encoding="UTF-8"?>
<testng-results ignored="0" total="2" passed="2" failed="0" skipped="0">
  <reporter-output>
  </reporter-output>
  <suite started-at="2021-06-19T22:59:34 IST" name="Default suite" finished-at="2021-06-19T22:59:34 IST" duration-ms="107">
    <groups>
    </groups>
    <test started-at="2021-06-19T22:59:34 IST" name="Default test" finished-at="2021-06-19T22:59:34 IST" duration-ms="107">
      <class name="com.selenium.trainingday6.TimeOutConcept">
        <test-method signature="a()[pri:0, instance:com.selenium.trainingday6.TimeOutConcept@18078bef]" started-at="2021-06-19T22:59:34 IST" name="a" finished-at="2021-06-19T22:59:34 IST" duration-ms="28" status="PASS">
          <reporter-output>
          </reporter-output>
        </test-method> <!-- a -->
        <test-method signature="b()[pri:0, instance:com.selenium.trainingday6.TimeOutConcept@18078bef]" started-at="2021-06-19T22:59:34 IST" name="b" finished-at="2021-06-19T22:59:34 IST" duration-ms="5" status="PASS">
          <reporter-output>
          </reporter-output>
        </test-method> <!-- b -->
      </class> <!-- com.selenium.trainingday6.TimeOutConcept -->
    </test> <!-- Default test -->
  </suite> <!-- Default suite -->
</testng-results>
