<?xml version="1.0" encoding="UTF-8"?>
<testng-results ignored="0" total="2" passed="2" failed="0" skipped="0">
  <reporter-output>
  </reporter-output>
  <suite started-at="2021-06-27T13:06:17 IST" name="Default suite" finished-at="2021-06-27T13:06:17 IST" duration-ms="79">
    <groups>
      <group name="test1">
        <method signature="AnnotationsConcept.test1()[pri:0, instance:com.selenium.trainingday6.AnnotationsConcept@4c402120]" name="test1" class="com.selenium.trainingday6.AnnotationsConcept"/>
        <method signature="AnnotationsConcept.test2()[pri:0, instance:com.selenium.trainingday6.AnnotationsConcept@4c402120]" name="test2" class="com.selenium.trainingday6.AnnotationsConcept"/>
      </group> <!-- test1 -->
    </groups>
    <test started-at="2021-06-27T13:06:17 IST" name="Default test" finished-at="2021-06-27T13:06:17 IST" duration-ms="79">
      <class name="com.selenium.trainingday6.AnnotationsConcept">
        <test-method is-config="true" signature="beforeSuite()[pri:0, instance:com.selenium.trainingday6.AnnotationsConcept@4c402120]" started-at="2021-06-27T13:06:17 IST" name="beforeSuite" finished-at="2021-06-27T13:06:17 IST" duration-ms="11" status="PASS">
          <reporter-output>
          </reporter-output>
        </test-method> <!-- beforeSuite -->
        <test-method is-config="true" signature="beforeTest()[pri:0, instance:com.selenium.trainingday6.AnnotationsConcept@4c402120]" started-at="2021-06-27T13:06:17 IST" name="beforeTest" finished-at="2021-06-27T13:06:17 IST" duration-ms="1" status="PASS">
          <reporter-output>
          </reporter-output>
        </test-method> <!-- beforeTest -->
        <test-method is-config="true" signature="beforeClass()[pri:0, instance:com.selenium.trainingday6.AnnotationsConcept@4c402120]" started-at="2021-06-27T13:06:17 IST" name="beforeClass" finished-at="2021-06-27T13:06:17 IST" duration-ms="1" status="PASS">
          <reporter-output>
          </reporter-output>
        </test-method> <!-- beforeClass -->
        <test-method is-config="true" signature="beforeMethod()[pri:0, instance:com.selenium.trainingday6.AnnotationsConcept@4c402120]" started-at="2021-06-27T13:06:17 IST" name="beforeMethod" finished-at="2021-06-27T13:06:17 IST" duration-ms="1" status="PASS">
          <reporter-output>
          </reporter-output>
        </test-method> <!-- beforeMethod -->
        <test-method signature="test1()[pri:0, instance:com.selenium.trainingday6.AnnotationsConcept@4c402120]" started-at="2021-06-27T13:06:17 IST" name="test1" finished-at="2021-06-27T13:06:17 IST" duration-ms="10" status="PASS">
          <reporter-output>
          </reporter-output>
        </test-method> <!-- test1 -->
        <test-method is-config="true" signature="afterMethod()[pri:0, instance:com.selenium.trainingday6.AnnotationsConcept@4c402120]" started-at="2021-06-27T13:06:17 IST" name="afterMethod" finished-at="2021-06-27T13:06:17 IST" duration-ms="1" status="PASS">
          <reporter-output>
          </reporter-output>
        </test-method> <!-- afterMethod -->
        <test-method is-config="true" signature="beforeMethod()[pri:0, instance:com.selenium.trainingday6.AnnotationsConcept@4c402120]" started-at="2021-06-27T13:06:17 IST" name="beforeMethod" finished-at="2021-06-27T13:06:17 IST" duration-ms="1" status="PASS">
          <reporter-output>
          </reporter-output>
        </test-method> <!-- beforeMethod -->
        <test-method signature="test2()[pri:0, instance:com.selenium.trainingday6.AnnotationsConcept@4c402120]" started-at="2021-06-27T13:06:17 IST" name="test2" finished-at="2021-06-27T13:06:17 IST" duration-ms="2" status="PASS">
          <reporter-output>
          </reporter-output>
        </test-method> <!-- test2 -->
        <test-method is-config="true" signature="afterMethod()[pri:0, instance:com.selenium.trainingday6.AnnotationsConcept@4c402120]" started-at="2021-06-27T13:06:17 IST" name="afterMethod" finished-at="2021-06-27T13:06:17 IST" duration-ms="0" status="PASS">
          <reporter-output>
          </reporter-output>
        </test-method> <!-- afterMethod -->
        <test-method is-config="true" signature="afterClass()[pri:0, instance:com.selenium.trainingday6.AnnotationsConcept@4c402120]" started-at="2021-06-27T13:06:17 IST" name="afterClass" finished-at="2021-06-27T13:06:17 IST" duration-ms="1" status="PASS">
          <reporter-output>
          </reporter-output>
        </test-method> <!-- afterClass -->
        <test-method is-config="true" signature="afterTest()[pri:0, instance:com.selenium.trainingday6.AnnotationsConcept@4c402120]" started-at="2021-06-27T13:06:17 IST" name="afterTest" finished-at="2021-06-27T13:06:17 IST" duration-ms="1" status="PASS">
          <reporter-output>
          </reporter-output>
        </test-method> <!-- afterTest -->
        <test-method is-config="true" signature="afterSuite()[pri:0, instance:com.selenium.trainingday6.AnnotationsConcept@4c402120]" started-at="2021-06-27T13:06:18 IST" name="afterSuite" finished-at="2021-06-27T13:06:18 IST" duration-ms="1" status="PASS">
          <reporter-output>
          </reporter-output>
        </test-method> <!-- afterSuite -->
      </class> <!-- com.selenium.trainingday6.AnnotationsConcept -->
    </test> <!-- Default test -->
  </suite> <!-- Default suite -->
</testng-results>
