<?xml version="1.0" encoding="UTF-8"?>
<!-- Generated by org.testng.reporters.JUnitXMLReporter -->
<testsuite ignored="2" hostname="DESKTOP-1EKAV2N" failures="0" tests="5" name="Testing Test" time="9.34" errors="0" timestamp="2021-05-17T16:55:02 IST">
  <testcase classname="com.selenium.trainingday6.AnnotationsConcept" name="test1" time="0.009"/>
  <testcase classname="com.selenium.trainingday6.AnnotationsConcept" name="test2" time="0.002"/>
  <testcase classname="com.selenium.trainingday6.GroupingConcept" name="a" time="0.002"/>
  <testcase classname="com.selenium.trainingday6.GroupingConcept" name="b" time="0.003"/>
  <testcase classname="com.selenium.trainingday6.ValidationConcept" name="titleValidation" time="0.578"/>
  <testcase classname="com.selenium.trainingday6.GroupingConcept" name="c" time="0.0">
    <ignored/>
  </testcase> <!-- c -->
  <testcase classname="com.selenium.trainingday6.GroupingConcept" name="d" time="0.0">
    <ignored/>
  </testcase> <!-- d -->
</testsuite> <!-- Testing Test -->
